2024-06-20 01:13:01,409 | INFO | 
model:
  name: CancerResNet11
  output_dim: 2
  n_blocks: [1, 1, 1, 1]
  n_channels: [64, 128, 256, 512]
optimizer:
  name: Adam
  parameters:
    lr: 0.001
    weight_decay: 0.0005
dataset:
  name: cancer
  data_dir: ./data
  batch_size: 512
  split:
    train: 0.9
    valid: 0.1
    test: 1.0
train:
  epochs: 50
  device: cuda:0
  save_path: ./checkpoints/
  log_path: ./logs/
  seed: 42
  save_every: 2
test:
  device: cuda:0
  checkpoint: ./checkpoints/
  log_path: ./logs/
  seed: 42
2024-06-20 01:13:01,410 | INFO | 
CancerResNet(
  (conv): Conv2d(3, 64, kernel_size=(3, 3), stride=(2, 2), padding=(1, 1))
  (bn): BatchNorm2d(64, eps=1e-05, momentum=0.1, affine=True, track_running_stats=True)
  (act): ReLU()
  (max_pool): MaxPool2d(kernel_size=3, stride=2, padding=1, dilation=1, ceil_mode=False)
  (backbone): ResNetBase(
    (blocks): Sequential(
      (0): ResidualBlock(
        (conv1): Conv2d(64, 64, kernel_size=(3, 3), stride=(1, 1), padding=(1, 1))
        (bn1): BatchNorm2d(64, eps=1e-05, momentum=0.1, affine=True, track_running_stats=True)
        (act1): ReLU()
        (conv2): Conv2d(64, 64, kernel_size=(3, 3), stride=(1, 1), padding=(1, 1))
        (bn2): BatchNorm2d(64, eps=1e-05, momentum=0.1, affine=True, track_running_stats=True)
        (shortcut): Identity()
        (act2): ReLU()
      )
      (1): ResidualBlock(
        (conv1): Conv2d(64, 128, kernel_size=(3, 3), stride=(2, 2), padding=(1, 1))
        (bn1): BatchNorm2d(128, eps=1e-05, momentum=0.1, affine=True, track_running_stats=True)
        (act1): ReLU()
        (conv2): Conv2d(128, 128, kernel_size=(3, 3), stride=(1, 1), padding=(1, 1))
        (bn2): BatchNorm2d(128, eps=1e-05, momentum=0.1, affine=True, track_running_stats=True)
        (shortcut): ShortcutProjection(
          (conv): Conv2d(64, 128, kernel_size=(1, 1), stride=(2, 2))
          (bn): BatchNorm2d(128, eps=1e-05, momentum=0.1, affine=True, track_running_stats=True)
        )
        (act2): ReLU()
      )
      (2): ResidualBlock(
        (conv1): Conv2d(128, 256, kernel_size=(3, 3), stride=(2, 2), padding=(1, 1))
        (bn1): BatchNorm2d(256, eps=1e-05, momentum=0.1, affine=True, track_running_stats=True)
        (act1): ReLU()
        (conv2): Conv2d(256, 256, kernel_size=(3, 3), stride=(1, 1), padding=(1, 1))
        (bn2): BatchNorm2d(256, eps=1e-05, momentum=0.1, affine=True, track_running_stats=True)
        (shortcut): ShortcutProjection(
          (conv): Conv2d(128, 256, kernel_size=(1, 1), stride=(2, 2))
          (bn): BatchNorm2d(256, eps=1e-05, momentum=0.1, affine=True, track_running_stats=True)
        )
        (act2): ReLU()
      )
      (3): ResidualBlock(
        (conv1): Conv2d(256, 512, kernel_size=(3, 3), stride=(2, 2), padding=(1, 1))
        (bn1): BatchNorm2d(512, eps=1e-05, momentum=0.1, affine=True, track_running_stats=True)
        (act1): ReLU()
        (conv2): Conv2d(512, 512, kernel_size=(3, 3), stride=(1, 1), padding=(1, 1))
        (bn2): BatchNorm2d(512, eps=1e-05, momentum=0.1, affine=True, track_running_stats=True)
        (shortcut): ShortcutProjection(
          (conv): Conv2d(256, 512, kernel_size=(1, 1), stride=(2, 2))
          (bn): BatchNorm2d(512, eps=1e-05, momentum=0.1, affine=True, track_running_stats=True)
        )
        (act2): ReLU()
      )
    )
  )
  (avg_pool): AdaptiveAvgPool2d(output_size=(1, 1))
  (flatten): Flatten(start_dim=1, end_dim=-1)
  (fc): Linear(in_features=512, out_features=2, bias=True)
)
2024-06-20 01:13:01,410 | INFO | 
Adam (
Parameter Group 0
    amsgrad: False
    betas: (0.9, 0.999)
    capturable: False
    differentiable: False
    eps: 1e-08
    foreach: None
    fused: None
    lr: 0.001
    maximize: False
    weight_decay: 0.0005
)
2024-06-20 01:13:01,410 | INFO | 
CrossEntropyLoss()
2024-06-20 08:50:06,133 | INFO | 
model:
  name: CancerResNet11
  output_dim: 2
  n_blocks: [1, 1, 1, 1]
  n_channels: [64, 128, 256, 512]
optimizer:
  name: Adam
  parameters:
    lr: 0.001
    weight_decay: 0.0005
dataset:
  name: cancer
  data_dir: ./data
  batch_size: 512
  split:
    train: 0.9
    valid: 0.1
    test: 1.0
train:
  epochs: 50
  device: cuda:0
  save_path: ./checkpoints/
  log_path: ./logs/
  seed: 42
  save_every: 2
test:
  device: cuda:0
  checkpoint: ./checkpoints/
  log_path: ./logs/
  seed: 42
2024-06-20 08:50:06,134 | INFO | 
CancerResNet(
  (conv): Conv2d(3, 64, kernel_size=(3, 3), stride=(2, 2), padding=(1, 1))
  (bn): BatchNorm2d(64, eps=1e-05, momentum=0.1, affine=True, track_running_stats=True)
  (act): ReLU()
  (max_pool): MaxPool2d(kernel_size=3, stride=2, padding=1, dilation=1, ceil_mode=False)
  (backbone): ResNetBase(
    (blocks): Sequential(
      (0): ResidualBlock(
        (conv1): Conv2d(64, 64, kernel_size=(3, 3), stride=(1, 1), padding=(1, 1))
        (bn1): BatchNorm2d(64, eps=1e-05, momentum=0.1, affine=True, track_running_stats=True)
        (act1): ReLU()
        (conv2): Conv2d(64, 64, kernel_size=(3, 3), stride=(1, 1), padding=(1, 1))
        (bn2): BatchNorm2d(64, eps=1e-05, momentum=0.1, affine=True, track_running_stats=True)
        (shortcut): Identity()
        (act2): ReLU()
      )
      (1): ResidualBlock(
        (conv1): Conv2d(64, 128, kernel_size=(3, 3), stride=(2, 2), padding=(1, 1))
        (bn1): BatchNorm2d(128, eps=1e-05, momentum=0.1, affine=True, track_running_stats=True)
        (act1): ReLU()
        (conv2): Conv2d(128, 128, kernel_size=(3, 3), stride=(1, 1), padding=(1, 1))
        (bn2): BatchNorm2d(128, eps=1e-05, momentum=0.1, affine=True, track_running_stats=True)
        (shortcut): ShortcutProjection(
          (conv): Conv2d(64, 128, kernel_size=(1, 1), stride=(2, 2))
          (bn): BatchNorm2d(128, eps=1e-05, momentum=0.1, affine=True, track_running_stats=True)
        )
        (act2): ReLU()
      )
      (2): ResidualBlock(
        (conv1): Conv2d(128, 256, kernel_size=(3, 3), stride=(2, 2), padding=(1, 1))
        (bn1): BatchNorm2d(256, eps=1e-05, momentum=0.1, affine=True, track_running_stats=True)
        (act1): ReLU()
        (conv2): Conv2d(256, 256, kernel_size=(3, 3), stride=(1, 1), padding=(1, 1))
        (bn2): BatchNorm2d(256, eps=1e-05, momentum=0.1, affine=True, track_running_stats=True)
        (shortcut): ShortcutProjection(
          (conv): Conv2d(128, 256, kernel_size=(1, 1), stride=(2, 2))
          (bn): BatchNorm2d(256, eps=1e-05, momentum=0.1, affine=True, track_running_stats=True)
        )
        (act2): ReLU()
      )
      (3): ResidualBlock(
        (conv1): Conv2d(256, 512, kernel_size=(3, 3), stride=(2, 2), padding=(1, 1))
        (bn1): BatchNorm2d(512, eps=1e-05, momentum=0.1, affine=True, track_running_stats=True)
        (act1): ReLU()
        (conv2): Conv2d(512, 512, kernel_size=(3, 3), stride=(1, 1), padding=(1, 1))
        (bn2): BatchNorm2d(512, eps=1e-05, momentum=0.1, affine=True, track_running_stats=True)
        (shortcut): ShortcutProjection(
          (conv): Conv2d(256, 512, kernel_size=(1, 1), stride=(2, 2))
          (bn): BatchNorm2d(512, eps=1e-05, momentum=0.1, affine=True, track_running_stats=True)
        )
        (act2): ReLU()
      )
    )
  )
  (avg_pool): AdaptiveAvgPool2d(output_size=(1, 1))
  (flatten): Flatten(start_dim=1, end_dim=-1)
  (fc): Linear(in_features=512, out_features=2, bias=True)
)
2024-06-20 08:50:06,134 | INFO | 
Adam (
Parameter Group 0
    amsgrad: False
    betas: (0.9, 0.999)
    capturable: False
    differentiable: False
    eps: 1e-08
    foreach: None
    fused: None
    lr: 0.001
    maximize: False
    weight_decay: 0.0005
)
2024-06-20 08:50:06,134 | INFO | 
CrossEntropyLoss()
2024-06-20 09:00:46,087 | INFO | cuda:0 epoch: 1/50 train_loss: 0.3638 valid_loss: 0.3551 epoch_time: 635.653 sec
2024-06-20 09:11:00,239 | INFO | cuda:0 epoch: 2/50 train_loss: 0.2739 valid_loss: 0.3989 epoch_time: 614.147 sec
2024-06-20 09:20:59,952 | INFO | cuda:0 epoch: 3/50 train_loss: 0.2509 valid_loss: 0.2725 epoch_time: 599.710 sec
2024-06-20 09:31:10,290 | INFO | cuda:0 epoch: 4/50 train_loss: 0.2324 valid_loss: 0.2811 epoch_time: 610.333 sec
2024-06-20 09:41:09,240 | INFO | cuda:0 epoch: 5/50 train_loss: 0.2205 valid_loss: 0.2476 epoch_time: 598.943 sec
2024-06-20 09:51:06,899 | INFO | cuda:0 epoch: 6/50 train_loss: 0.2081 valid_loss: 0.2374 epoch_time: 597.658 sec
2024-06-20 10:01:05,391 | INFO | cuda:0 epoch: 7/50 train_loss: 0.2005 valid_loss: 0.2573 epoch_time: 598.491 sec
2024-06-20 10:11:00,426 | INFO | cuda:0 epoch: 8/50 train_loss: 0.1907 valid_loss: 0.2786 epoch_time: 595.034 sec
2024-06-20 10:20:56,959 | INFO | cuda:0 epoch: 9/50 train_loss: 0.1861 valid_loss: 0.2463 epoch_time: 596.533 sec
2024-06-20 10:30:48,297 | INFO | cuda:0 epoch: 10/50 train_loss: 0.1770 valid_loss: 0.2028 epoch_time: 591.334 sec
2024-06-20 10:40:47,439 | INFO | cuda:0 epoch: 11/50 train_loss: 0.1742 valid_loss: 0.2168 epoch_time: 599.140 sec
2024-06-20 10:50:15,179 | INFO | cuda:0 epoch: 12/50 train_loss: 0.1709 valid_loss: 0.1857 epoch_time: 567.740 sec
2024-06-20 10:51:57,611 | INFO | 
model:
  name: CancerResNet11
  output_dim: 2
  n_blocks: [1, 1, 1, 1]
  n_channels: [64, 128, 256, 512]
optimizer:
  name: Adam
  parameters:
    lr: 0.001
    weight_decay: 0.0005
dataset:
  name: cancer
  data_dir: ./data
  batch_size: 512
  split:
    train: 0.9
    valid: 0.1
    test: 1.0
train:
  epochs: 50
  device: cuda:0
  save_path: ./checkpoints/
  log_path: ./logs/
  seed: 42
  save_every: 2
test:
  device: cuda:0
  checkpoint: ./checkpoints/
  log_path: ./logs/
  seed: 42
2024-06-20 10:51:57,612 | INFO | 
CancerResNet(
  (conv): Conv2d(3, 64, kernel_size=(3, 3), stride=(2, 2), padding=(1, 1))
  (bn): BatchNorm2d(64, eps=1e-05, momentum=0.1, affine=True, track_running_stats=True)
  (act): ReLU()
  (max_pool): MaxPool2d(kernel_size=3, stride=2, padding=1, dilation=1, ceil_mode=False)
  (backbone): ResNetBase(
    (blocks): Sequential(
      (0): ResidualBlock(
        (conv1): Conv2d(64, 64, kernel_size=(3, 3), stride=(1, 1), padding=(1, 1))
        (bn1): BatchNorm2d(64, eps=1e-05, momentum=0.1, affine=True, track_running_stats=True)
        (act1): ReLU()
        (conv2): Conv2d(64, 64, kernel_size=(3, 3), stride=(1, 1), padding=(1, 1))
        (bn2): BatchNorm2d(64, eps=1e-05, momentum=0.1, affine=True, track_running_stats=True)
        (shortcut): Identity()
        (act2): ReLU()
      )
      (1): ResidualBlock(
        (conv1): Conv2d(64, 128, kernel_size=(3, 3), stride=(2, 2), padding=(1, 1))
        (bn1): BatchNorm2d(128, eps=1e-05, momentum=0.1, affine=True, track_running_stats=True)
        (act1): ReLU()
        (conv2): Conv2d(128, 128, kernel_size=(3, 3), stride=(1, 1), padding=(1, 1))
        (bn2): BatchNorm2d(128, eps=1e-05, momentum=0.1, affine=True, track_running_stats=True)
        (shortcut): ShortcutProjection(
          (conv): Conv2d(64, 128, kernel_size=(1, 1), stride=(2, 2))
          (bn): BatchNorm2d(128, eps=1e-05, momentum=0.1, affine=True, track_running_stats=True)
        )
        (act2): ReLU()
      )
      (2): ResidualBlock(
        (conv1): Conv2d(128, 256, kernel_size=(3, 3), stride=(2, 2), padding=(1, 1))
        (bn1): BatchNorm2d(256, eps=1e-05, momentum=0.1, affine=True, track_running_stats=True)
        (act1): ReLU()
        (conv2): Conv2d(256, 256, kernel_size=(3, 3), stride=(1, 1), padding=(1, 1))
        (bn2): BatchNorm2d(256, eps=1e-05, momentum=0.1, affine=True, track_running_stats=True)
        (shortcut): ShortcutProjection(
          (conv): Conv2d(128, 256, kernel_size=(1, 1), stride=(2, 2))
          (bn): BatchNorm2d(256, eps=1e-05, momentum=0.1, affine=True, track_running_stats=True)
        )
        (act2): ReLU()
      )
      (3): ResidualBlock(
        (conv1): Conv2d(256, 512, kernel_size=(3, 3), stride=(2, 2), padding=(1, 1))
        (bn1): BatchNorm2d(512, eps=1e-05, momentum=0.1, affine=True, track_running_stats=True)
        (act1): ReLU()
        (conv2): Conv2d(512, 512, kernel_size=(3, 3), stride=(1, 1), padding=(1, 1))
        (bn2): BatchNorm2d(512, eps=1e-05, momentum=0.1, affine=True, track_running_stats=True)
        (shortcut): ShortcutProjection(
          (conv): Conv2d(256, 512, kernel_size=(1, 1), stride=(2, 2))
          (bn): BatchNorm2d(512, eps=1e-05, momentum=0.1, affine=True, track_running_stats=True)
        )
        (act2): ReLU()
      )
    )
  )
  (avg_pool): AdaptiveAvgPool2d(output_size=(1, 1))
  (flatten): Flatten(start_dim=1, end_dim=-1)
  (fc): Linear(in_features=512, out_features=2, bias=True)
)
2024-06-20 10:51:57,612 | INFO | 
Adam (
Parameter Group 0
    amsgrad: False
    betas: (0.9, 0.999)
    capturable: False
    differentiable: False
    eps: 1e-08
    foreach: None
    fused: None
    lr: 0.001
    maximize: False
    weight_decay: 0.0005
)
2024-06-20 10:51:57,612 | INFO | 
CrossEntropyLoss()
2024-06-20 11:02:37,704 | INFO | cuda:0 epoch: 1/50 train_loss: 0.3655 valid_loss: 0.3573 epoch_time: 635.694 sec
2024-06-20 11:12:41,204 | INFO | cuda:0 epoch: 2/50 train_loss: 0.2747 valid_loss: 0.3921 epoch_time: 603.491 sec
2024-06-20 11:22:44,681 | INFO | cuda:0 epoch: 3/50 train_loss: 0.2530 valid_loss: 0.3130 epoch_time: 603.472 sec
2024-06-20 11:32:42,466 | INFO | cuda:0 epoch: 4/50 train_loss: 0.2330 valid_loss: 0.2728 epoch_time: 597.785 sec
2024-06-20 11:42:45,382 | INFO | cuda:0 epoch: 5/50 train_loss: 0.2212 valid_loss: 0.3912 epoch_time: 602.915 sec
2024-06-20 11:53:01,593 | INFO | cuda:0 epoch: 6/50 train_loss: 0.2087 valid_loss: 0.2945 epoch_time: 616.210 sec
2024-06-20 12:03:05,807 | INFO | cuda:0 epoch: 7/50 train_loss: 0.1995 valid_loss: 0.2506 epoch_time: 604.208 sec
2024-06-20 12:13:06,895 | INFO | cuda:0 epoch: 8/50 train_loss: 0.1903 valid_loss: 0.2630 epoch_time: 601.083 sec
2024-06-20 12:23:08,835 | INFO | cuda:0 epoch: 9/50 train_loss: 0.1856 valid_loss: 0.1938 epoch_time: 601.938 sec
2024-06-20 12:33:13,757 | INFO | cuda:0 epoch: 10/50 train_loss: 0.1785 valid_loss: 0.2854 epoch_time: 604.922 sec
2024-06-20 12:43:13,777 | INFO | cuda:0 epoch: 11/50 train_loss: 0.1749 valid_loss: 0.2104 epoch_time: 600.018 sec
2024-06-20 12:53:13,040 | INFO | cuda:0 epoch: 12/50 train_loss: 0.1710 valid_loss: 0.3108 epoch_time: 599.263 sec
2024-06-20 13:03:31,814 | INFO | cuda:0 epoch: 13/50 train_loss: 0.1658 valid_loss: 0.4607 epoch_time: 618.774 sec
2024-06-20 13:13:31,960 | INFO | cuda:0 epoch: 14/50 train_loss: 0.1642 valid_loss: 0.2394 epoch_time: 600.143 sec
2024-06-20 13:23:30,637 | INFO | cuda:0 epoch: 15/50 train_loss: 0.1596 valid_loss: 0.2265 epoch_time: 598.673 sec
2024-06-20 13:33:28,210 | INFO | cuda:0 epoch: 16/50 train_loss: 0.1576 valid_loss: 0.1614 epoch_time: 597.572 sec
2024-06-20 13:43:23,698 | INFO | cuda:0 epoch: 17/50 train_loss: 0.1548 valid_loss: 0.2459 epoch_time: 595.487 sec
2024-06-20 13:53:17,556 | INFO | cuda:0 epoch: 18/50 train_loss: 0.1539 valid_loss: 0.3749 epoch_time: 593.855 sec
2024-06-20 14:03:24,413 | INFO | cuda:0 epoch: 19/50 train_loss: 0.1503 valid_loss: 0.1936 epoch_time: 606.856 sec
2024-06-20 14:13:24,765 | INFO | cuda:0 epoch: 20/50 train_loss: 0.1499 valid_loss: 0.2319 epoch_time: 600.351 sec
2024-06-20 14:23:21,256 | INFO | cuda:0 epoch: 21/50 train_loss: 0.1479 valid_loss: 0.1785 epoch_time: 596.491 sec
2024-06-20 14:33:18,833 | INFO | cuda:0 epoch: 22/50 train_loss: 0.1456 valid_loss: 0.2347 epoch_time: 597.575 sec
2024-06-20 14:43:16,043 | INFO | cuda:0 epoch: 23/50 train_loss: 0.1461 valid_loss: 0.2048 epoch_time: 597.205 sec
2024-06-20 14:53:52,207 | INFO | cuda:0 epoch: 24/50 train_loss: 0.1432 valid_loss: 0.2167 epoch_time: 636.159 sec
2024-06-20 15:03:55,140 | INFO | cuda:0 epoch: 25/50 train_loss: 0.1444 valid_loss: 0.2866 epoch_time: 602.932 sec
2024-06-20 15:13:49,769 | INFO | cuda:0 epoch: 26/50 train_loss: 0.1415 valid_loss: 0.2211 epoch_time: 594.628 sec
2024-06-20 15:23:39,273 | INFO | cuda:0 epoch: 27/50 train_loss: 0.1405 valid_loss: 0.1762 epoch_time: 589.498 sec
2024-06-20 15:33:36,376 | INFO | cuda:0 epoch: 28/50 train_loss: 0.1387 valid_loss: 0.2034 epoch_time: 597.102 sec
2024-06-20 15:43:30,505 | INFO | cuda:0 epoch: 29/50 train_loss: 0.1390 valid_loss: 0.1608 epoch_time: 594.125 sec
2024-06-20 15:53:28,519 | INFO | cuda:0 epoch: 30/50 train_loss: 0.1374 valid_loss: 0.2343 epoch_time: 598.013 sec
2024-06-20 16:03:21,401 | INFO | cuda:0 epoch: 31/50 train_loss: 0.1366 valid_loss: 0.1749 epoch_time: 592.882 sec
2024-06-20 16:13:17,622 | INFO | cuda:0 epoch: 32/50 train_loss: 0.1360 valid_loss: 0.2069 epoch_time: 596.220 sec
2024-06-20 16:23:31,199 | INFO | cuda:0 epoch: 33/50 train_loss: 0.1355 valid_loss: 0.2073 epoch_time: 613.576 sec
2024-06-20 16:33:33,793 | INFO | cuda:0 epoch: 34/50 train_loss: 0.1357 valid_loss: 0.1623 epoch_time: 602.589 sec
2024-06-20 16:43:32,102 | INFO | cuda:0 epoch: 35/50 train_loss: 0.1353 valid_loss: 0.1534 epoch_time: 598.300 sec
2024-06-20 16:54:00,097 | INFO | cuda:0 epoch: 36/50 train_loss: 0.1357 valid_loss: 0.2438 epoch_time: 627.987 sec
2024-06-20 17:03:55,017 | INFO | cuda:0 epoch: 37/50 train_loss: 0.1335 valid_loss: 0.1577 epoch_time: 594.916 sec
2024-06-20 17:13:51,315 | INFO | cuda:0 epoch: 38/50 train_loss: 0.1323 valid_loss: 0.1723 epoch_time: 596.297 sec
2024-06-20 17:23:49,164 | INFO | cuda:0 epoch: 39/50 train_loss: 0.1321 valid_loss: 0.2190 epoch_time: 597.848 sec
2024-06-20 17:33:41,760 | INFO | cuda:0 epoch: 40/50 train_loss: 0.1324 valid_loss: 0.1628 epoch_time: 592.594 sec
2024-06-20 17:43:38,169 | INFO | cuda:0 epoch: 41/50 train_loss: 0.1308 valid_loss: 0.1635 epoch_time: 596.408 sec
2024-06-20 17:53:32,755 | INFO | cuda:0 epoch: 42/50 train_loss: 0.1315 valid_loss: 0.1459 epoch_time: 594.586 sec
2024-06-20 18:03:41,542 | INFO | cuda:0 epoch: 43/50 train_loss: 0.1318 valid_loss: 0.1379 epoch_time: 608.785 sec
2024-06-20 18:13:46,371 | INFO | cuda:0 epoch: 44/50 train_loss: 0.1301 valid_loss: 0.3026 epoch_time: 604.828 sec
2024-06-20 18:23:37,087 | INFO | cuda:0 epoch: 45/50 train_loss: 0.1289 valid_loss: 0.1604 epoch_time: 590.711 sec
2024-06-20 18:33:31,703 | INFO | cuda:0 epoch: 46/50 train_loss: 0.1297 valid_loss: 0.1424 epoch_time: 594.616 sec
2024-06-20 18:43:20,928 | INFO | cuda:0 epoch: 47/50 train_loss: 0.1287 valid_loss: 0.1479 epoch_time: 589.224 sec
2024-06-20 18:53:16,799 | INFO | cuda:0 epoch: 48/50 train_loss: 0.1280 valid_loss: 0.1998 epoch_time: 595.870 sec
2024-06-20 19:03:10,412 | INFO | cuda:0 epoch: 49/50 train_loss: 0.1285 valid_loss: 0.1386 epoch_time: 593.613 sec
2024-06-20 19:13:22,201 | INFO | cuda:0 epoch: 50/50 train_loss: 0.1271 valid_loss: 0.1896 epoch_time: 611.788 sec
2024-06-20 19:20:52,841 | INFO | 
train_accuracy: 0.949 train_precision: 0.949 train_recall: 0.949 train_f1: 0.949 valid_accuracy: 0.948 valid_precision: 0.948 valid_recall: 0.948 valid_f1: 0.947 total_time: 30080.199 sec
2024-06-21 20:45:50,325 | INFO | 
model:
  name: CancerResNet11
  output_dim: 2
  n_blocks: [1, 1, 1, 1]
  n_channels: [64, 128, 256, 512]
optimizer:
  name: Adam
  parameters:
    lr: 0.001
    weight_decay: 0.0005
dataset:
  name: cancer
  data_dir: ./data
  batch_size: 512
  split:
    train: 0.9
    valid: 0.1
    test: 1.0
train:
  epochs: 50
  device: cuda:0
  save_path: ./checkpoints/
  log_path: ./logs/
  seed: 42
  save_every: 2
test:
  device: cuda:0
  checkpoint: ./checkpoints/
  log_path: ./logs/
  seed: 42
2024-06-21 20:45:50,327 | INFO | 
CancerResNet(
  (conv): Conv2d(3, 64, kernel_size=(3, 3), stride=(2, 2), padding=(1, 1))
  (bn): BatchNorm2d(64, eps=1e-05, momentum=0.1, affine=True, track_running_stats=True)
  (act): ReLU()
  (max_pool): MaxPool2d(kernel_size=3, stride=2, padding=1, dilation=1, ceil_mode=False)
  (backbone): ResNetBase(
    (blocks): Sequential(
      (0): ResidualBlock(
        (conv1): Conv2d(64, 64, kernel_size=(3, 3), stride=(1, 1), padding=(1, 1))
        (bn1): BatchNorm2d(64, eps=1e-05, momentum=0.1, affine=True, track_running_stats=True)
        (act1): ReLU()
        (conv2): Conv2d(64, 64, kernel_size=(3, 3), stride=(1, 1), padding=(1, 1))
        (bn2): BatchNorm2d(64, eps=1e-05, momentum=0.1, affine=True, track_running_stats=True)
        (shortcut): Identity()
        (act2): ReLU()
      )
      (1): ResidualBlock(
        (conv1): Conv2d(64, 128, kernel_size=(3, 3), stride=(2, 2), padding=(1, 1))
        (bn1): BatchNorm2d(128, eps=1e-05, momentum=0.1, affine=True, track_running_stats=True)
        (act1): ReLU()
        (conv2): Conv2d(128, 128, kernel_size=(3, 3), stride=(1, 1), padding=(1, 1))
        (bn2): BatchNorm2d(128, eps=1e-05, momentum=0.1, affine=True, track_running_stats=True)
        (shortcut): ShortcutProjection(
          (conv): Conv2d(64, 128, kernel_size=(1, 1), stride=(2, 2))
          (bn): BatchNorm2d(128, eps=1e-05, momentum=0.1, affine=True, track_running_stats=True)
        )
        (act2): ReLU()
      )
      (2): ResidualBlock(
        (conv1): Conv2d(128, 256, kernel_size=(3, 3), stride=(2, 2), padding=(1, 1))
        (bn1): BatchNorm2d(256, eps=1e-05, momentum=0.1, affine=True, track_running_stats=True)
        (act1): ReLU()
        (conv2): Conv2d(256, 256, kernel_size=(3, 3), stride=(1, 1), padding=(1, 1))
        (bn2): BatchNorm2d(256, eps=1e-05, momentum=0.1, affine=True, track_running_stats=True)
        (shortcut): ShortcutProjection(
          (conv): Conv2d(128, 256, kernel_size=(1, 1), stride=(2, 2))
          (bn): BatchNorm2d(256, eps=1e-05, momentum=0.1, affine=True, track_running_stats=True)
        )
        (act2): ReLU()
      )
      (3): ResidualBlock(
        (conv1): Conv2d(256, 512, kernel_size=(3, 3), stride=(2, 2), padding=(1, 1))
        (bn1): BatchNorm2d(512, eps=1e-05, momentum=0.1, affine=True, track_running_stats=True)
        (act1): ReLU()
        (conv2): Conv2d(512, 512, kernel_size=(3, 3), stride=(1, 1), padding=(1, 1))
        (bn2): BatchNorm2d(512, eps=1e-05, momentum=0.1, affine=True, track_running_stats=True)
        (shortcut): ShortcutProjection(
          (conv): Conv2d(256, 512, kernel_size=(1, 1), stride=(2, 2))
          (bn): BatchNorm2d(512, eps=1e-05, momentum=0.1, affine=True, track_running_stats=True)
        )
        (act2): ReLU()
      )
    )
  )
  (avg_pool): AdaptiveAvgPool2d(output_size=(1, 1))
  (flatten): Flatten(start_dim=1, end_dim=-1)
  (fc): Linear(in_features=512, out_features=2, bias=True)
)
2024-06-21 20:45:50,327 | INFO | 
Adam (
Parameter Group 0
    amsgrad: False
    betas: (0.9, 0.999)
    capturable: False
    differentiable: False
    eps: 1e-08
    foreach: None
    fused: None
    initial_lr: 0.001
    lr: 0.001
    maximize: False
    weight_decay: 0.0005
)
2024-06-21 20:45:50,327 | INFO | 
CrossEntropyLoss()
2024-06-21 20:48:10,651 | INFO | 
model:
  name: CancerResNet11
  output_dim: 2
  n_blocks: [1, 1, 1, 1]
  n_channels: [64, 128, 256, 512]
optimizer:
  name: Adam
  parameters:
    lr: 0.001
    weight_decay: 0.0005
dataset:
  name: cancer
  data_dir: ./data
  batch_size: 64
  split:
    train: 0.9
    valid: 0.1
    test: 1.0
train:
  epochs: 50
  device: cuda:0
  save_path: ./checkpoints/
  log_path: ./logs/
  seed: 42
  save_every: 2
test:
  device: cuda:0
  checkpoint: ./checkpoints/
  log_path: ./logs/
  seed: 42
2024-06-21 20:48:10,652 | INFO | 
CancerResNet(
  (conv): Conv2d(3, 64, kernel_size=(3, 3), stride=(2, 2), padding=(1, 1))
  (bn): BatchNorm2d(64, eps=1e-05, momentum=0.1, affine=True, track_running_stats=True)
  (act): ReLU()
  (max_pool): MaxPool2d(kernel_size=3, stride=2, padding=1, dilation=1, ceil_mode=False)
  (backbone): ResNetBase(
    (blocks): Sequential(
      (0): ResidualBlock(
        (conv1): Conv2d(64, 64, kernel_size=(3, 3), stride=(1, 1), padding=(1, 1))
        (bn1): BatchNorm2d(64, eps=1e-05, momentum=0.1, affine=True, track_running_stats=True)
        (act1): ReLU()
        (conv2): Conv2d(64, 64, kernel_size=(3, 3), stride=(1, 1), padding=(1, 1))
        (bn2): BatchNorm2d(64, eps=1e-05, momentum=0.1, affine=True, track_running_stats=True)
        (shortcut): Identity()
        (act2): ReLU()
      )
      (1): ResidualBlock(
        (conv1): Conv2d(64, 128, kernel_size=(3, 3), stride=(2, 2), padding=(1, 1))
        (bn1): BatchNorm2d(128, eps=1e-05, momentum=0.1, affine=True, track_running_stats=True)
        (act1): ReLU()
        (conv2): Conv2d(128, 128, kernel_size=(3, 3), stride=(1, 1), padding=(1, 1))
        (bn2): BatchNorm2d(128, eps=1e-05, momentum=0.1, affine=True, track_running_stats=True)
        (shortcut): ShortcutProjection(
          (conv): Conv2d(64, 128, kernel_size=(1, 1), stride=(2, 2))
          (bn): BatchNorm2d(128, eps=1e-05, momentum=0.1, affine=True, track_running_stats=True)
        )
        (act2): ReLU()
      )
      (2): ResidualBlock(
        (conv1): Conv2d(128, 256, kernel_size=(3, 3), stride=(2, 2), padding=(1, 1))
        (bn1): BatchNorm2d(256, eps=1e-05, momentum=0.1, affine=True, track_running_stats=True)
        (act1): ReLU()
        (conv2): Conv2d(256, 256, kernel_size=(3, 3), stride=(1, 1), padding=(1, 1))
        (bn2): BatchNorm2d(256, eps=1e-05, momentum=0.1, affine=True, track_running_stats=True)
        (shortcut): ShortcutProjection(
          (conv): Conv2d(128, 256, kernel_size=(1, 1), stride=(2, 2))
          (bn): BatchNorm2d(256, eps=1e-05, momentum=0.1, affine=True, track_running_stats=True)
        )
        (act2): ReLU()
      )
      (3): ResidualBlock(
        (conv1): Conv2d(256, 512, kernel_size=(3, 3), stride=(2, 2), padding=(1, 1))
        (bn1): BatchNorm2d(512, eps=1e-05, momentum=0.1, affine=True, track_running_stats=True)
        (act1): ReLU()
        (conv2): Conv2d(512, 512, kernel_size=(3, 3), stride=(1, 1), padding=(1, 1))
        (bn2): BatchNorm2d(512, eps=1e-05, momentum=0.1, affine=True, track_running_stats=True)
        (shortcut): ShortcutProjection(
          (conv): Conv2d(256, 512, kernel_size=(1, 1), stride=(2, 2))
          (bn): BatchNorm2d(512, eps=1e-05, momentum=0.1, affine=True, track_running_stats=True)
        )
        (act2): ReLU()
      )
    )
  )
  (avg_pool): AdaptiveAvgPool2d(output_size=(1, 1))
  (flatten): Flatten(start_dim=1, end_dim=-1)
  (fc): Linear(in_features=512, out_features=2, bias=True)
)
2024-06-21 20:48:10,652 | INFO | 
Adam (
Parameter Group 0
    amsgrad: False
    betas: (0.9, 0.999)
    capturable: False
    differentiable: False
    eps: 1e-08
    foreach: None
    fused: None
    initial_lr: 0.001
    lr: 0.001
    maximize: False
    weight_decay: 0.0005
)
2024-06-21 20:48:10,652 | INFO | 
CrossEntropyLoss()
2024-06-21 20:50:09,676 | INFO | 
model:
  name: CancerResNet11
  output_dim: 2
  n_blocks: [1, 1, 1, 1]
  n_channels: [64, 128, 256, 512]
optimizer:
  name: Adam
  parameters:
    lr: 0.001
    weight_decay: 0.0005
dataset:
  name: cancer
  data_dir: ./data
  batch_size: 64
  split:
    train: 0.9
    valid: 0.1
    test: 1.0
train:
  epochs: 50
  device: cuda:0
  save_path: ./checkpoints/
  log_path: ./logs/
  seed: 42
  save_every: 2
test:
  device: cuda:0
  checkpoint: ./checkpoints/
  log_path: ./logs/
  seed: 42
2024-06-21 20:50:09,677 | INFO | 
CancerResNet(
  (conv): Conv2d(3, 64, kernel_size=(3, 3), stride=(2, 2), padding=(1, 1))
  (bn): BatchNorm2d(64, eps=1e-05, momentum=0.1, affine=True, track_running_stats=True)
  (act): ReLU()
  (max_pool): MaxPool2d(kernel_size=3, stride=2, padding=1, dilation=1, ceil_mode=False)
  (backbone): ResNetBase(
    (blocks): Sequential(
      (0): ResidualBlock(
        (conv1): Conv2d(64, 64, kernel_size=(3, 3), stride=(1, 1), padding=(1, 1))
        (bn1): BatchNorm2d(64, eps=1e-05, momentum=0.1, affine=True, track_running_stats=True)
        (act1): ReLU()
        (conv2): Conv2d(64, 64, kernel_size=(3, 3), stride=(1, 1), padding=(1, 1))
        (bn2): BatchNorm2d(64, eps=1e-05, momentum=0.1, affine=True, track_running_stats=True)
        (shortcut): Identity()
        (act2): ReLU()
      )
      (1): ResidualBlock(
        (conv1): Conv2d(64, 128, kernel_size=(3, 3), stride=(2, 2), padding=(1, 1))
        (bn1): BatchNorm2d(128, eps=1e-05, momentum=0.1, affine=True, track_running_stats=True)
        (act1): ReLU()
        (conv2): Conv2d(128, 128, kernel_size=(3, 3), stride=(1, 1), padding=(1, 1))
        (bn2): BatchNorm2d(128, eps=1e-05, momentum=0.1, affine=True, track_running_stats=True)
        (shortcut): ShortcutProjection(
          (conv): Conv2d(64, 128, kernel_size=(1, 1), stride=(2, 2))
          (bn): BatchNorm2d(128, eps=1e-05, momentum=0.1, affine=True, track_running_stats=True)
        )
        (act2): ReLU()
      )
      (2): ResidualBlock(
        (conv1): Conv2d(128, 256, kernel_size=(3, 3), stride=(2, 2), padding=(1, 1))
        (bn1): BatchNorm2d(256, eps=1e-05, momentum=0.1, affine=True, track_running_stats=True)
        (act1): ReLU()
        (conv2): Conv2d(256, 256, kernel_size=(3, 3), stride=(1, 1), padding=(1, 1))
        (bn2): BatchNorm2d(256, eps=1e-05, momentum=0.1, affine=True, track_running_stats=True)
        (shortcut): ShortcutProjection(
          (conv): Conv2d(128, 256, kernel_size=(1, 1), stride=(2, 2))
          (bn): BatchNorm2d(256, eps=1e-05, momentum=0.1, affine=True, track_running_stats=True)
        )
        (act2): ReLU()
      )
      (3): ResidualBlock(
        (conv1): Conv2d(256, 512, kernel_size=(3, 3), stride=(2, 2), padding=(1, 1))
        (bn1): BatchNorm2d(512, eps=1e-05, momentum=0.1, affine=True, track_running_stats=True)
        (act1): ReLU()
        (conv2): Conv2d(512, 512, kernel_size=(3, 3), stride=(1, 1), padding=(1, 1))
        (bn2): BatchNorm2d(512, eps=1e-05, momentum=0.1, affine=True, track_running_stats=True)
        (shortcut): ShortcutProjection(
          (conv): Conv2d(256, 512, kernel_size=(1, 1), stride=(2, 2))
          (bn): BatchNorm2d(512, eps=1e-05, momentum=0.1, affine=True, track_running_stats=True)
        )
        (act2): ReLU()
      )
    )
  )
  (avg_pool): AdaptiveAvgPool2d(output_size=(1, 1))
  (flatten): Flatten(start_dim=1, end_dim=-1)
  (fc): Linear(in_features=512, out_features=2, bias=True)
)
2024-06-21 20:50:09,677 | INFO | 
Adam (
Parameter Group 0
    amsgrad: False
    betas: (0.9, 0.999)
    capturable: False
    differentiable: False
    eps: 1e-08
    foreach: None
    fused: None
    initial_lr: 0.001
    lr: 0.001
    maximize: False
    weight_decay: 0.0005
)
2024-06-21 20:50:09,678 | INFO | 
CrossEntropyLoss()
2024-06-21 21:01:11,924 | INFO | cuda:0 epoch: 1/50 train_loss: 0.3550 valid_loss: 0.4196 epoch_time: 657.655 sec
2024-06-21 21:03:40,210 | INFO | 
model:
  name: CancerResNet11
  output_dim: 2
  n_blocks: [1, 1, 1, 1]
  n_channels: [64, 128, 256, 512]
optimizer:
  name: Adam
  parameters:
    lr: 0.001
    weight_decay: 0.0005
dataset:
  name: cancer
  data_dir: ./data
  batch_size: 64
  split:
    train: 0.9
    valid: 0.1
    test: 1.0
train:
  epochs: 50
  device: cuda:0
  save_path: ./checkpoints/
  log_path: ./logs/
  seed: 42
  save_every: 2
test:
  device: cuda:0
  checkpoint: ./checkpoints/
  log_path: ./logs/
  seed: 42
2024-06-21 21:03:40,211 | INFO | 
CancerResNet(
  (conv): Conv2d(3, 64, kernel_size=(3, 3), stride=(2, 2), padding=(1, 1))
  (bn): BatchNorm2d(64, eps=1e-05, momentum=0.1, affine=True, track_running_stats=True)
  (act): ReLU()
  (max_pool): MaxPool2d(kernel_size=3, stride=2, padding=1, dilation=1, ceil_mode=False)
  (backbone): ResNetBase(
    (blocks): Sequential(
      (0): ResidualBlock(
        (conv1): Conv2d(64, 64, kernel_size=(3, 3), stride=(1, 1), padding=(1, 1))
        (bn1): BatchNorm2d(64, eps=1e-05, momentum=0.1, affine=True, track_running_stats=True)
        (act1): ReLU()
        (conv2): Conv2d(64, 64, kernel_size=(3, 3), stride=(1, 1), padding=(1, 1))
        (bn2): BatchNorm2d(64, eps=1e-05, momentum=0.1, affine=True, track_running_stats=True)
        (shortcut): Identity()
        (act2): ReLU()
      )
      (1): ResidualBlock(
        (conv1): Conv2d(64, 128, kernel_size=(3, 3), stride=(2, 2), padding=(1, 1))
        (bn1): BatchNorm2d(128, eps=1e-05, momentum=0.1, affine=True, track_running_stats=True)
        (act1): ReLU()
        (conv2): Conv2d(128, 128, kernel_size=(3, 3), stride=(1, 1), padding=(1, 1))
        (bn2): BatchNorm2d(128, eps=1e-05, momentum=0.1, affine=True, track_running_stats=True)
        (shortcut): ShortcutProjection(
          (conv): Conv2d(64, 128, kernel_size=(1, 1), stride=(2, 2))
          (bn): BatchNorm2d(128, eps=1e-05, momentum=0.1, affine=True, track_running_stats=True)
        )
        (act2): ReLU()
      )
      (2): ResidualBlock(
        (conv1): Conv2d(128, 256, kernel_size=(3, 3), stride=(2, 2), padding=(1, 1))
        (bn1): BatchNorm2d(256, eps=1e-05, momentum=0.1, affine=True, track_running_stats=True)
        (act1): ReLU()
        (conv2): Conv2d(256, 256, kernel_size=(3, 3), stride=(1, 1), padding=(1, 1))
        (bn2): BatchNorm2d(256, eps=1e-05, momentum=0.1, affine=True, track_running_stats=True)
        (shortcut): ShortcutProjection(
          (conv): Conv2d(128, 256, kernel_size=(1, 1), stride=(2, 2))
          (bn): BatchNorm2d(256, eps=1e-05, momentum=0.1, affine=True, track_running_stats=True)
        )
        (act2): ReLU()
      )
      (3): ResidualBlock(
        (conv1): Conv2d(256, 512, kernel_size=(3, 3), stride=(2, 2), padding=(1, 1))
        (bn1): BatchNorm2d(512, eps=1e-05, momentum=0.1, affine=True, track_running_stats=True)
        (act1): ReLU()
        (conv2): Conv2d(512, 512, kernel_size=(3, 3), stride=(1, 1), padding=(1, 1))
        (bn2): BatchNorm2d(512, eps=1e-05, momentum=0.1, affine=True, track_running_stats=True)
        (shortcut): ShortcutProjection(
          (conv): Conv2d(256, 512, kernel_size=(1, 1), stride=(2, 2))
          (bn): BatchNorm2d(512, eps=1e-05, momentum=0.1, affine=True, track_running_stats=True)
        )
        (act2): ReLU()
      )
    )
  )
  (avg_pool): AdaptiveAvgPool2d(output_size=(1, 1))
  (flatten): Flatten(start_dim=1, end_dim=-1)
  (fc): Linear(in_features=512, out_features=2, bias=True)
)
2024-06-21 21:03:40,211 | INFO | 
Adam (
Parameter Group 0
    amsgrad: False
    betas: (0.9, 0.999)
    capturable: False
    differentiable: False
    eps: 1e-08
    foreach: None
    fused: None
    initial_lr: 0.001
    lr: 0.001
    maximize: False
    weight_decay: 0.0005
)
2024-06-21 21:03:40,211 | INFO | 
CrossEntropyLoss()
2024-06-21 21:14:29,115 | INFO | cuda:0 epoch: 1/50 train_loss: 0.3547 valid_loss: 0.4540 train_acc: 0.8470 valid_acc: 0.7828 epoch_time: 644.701 sec
2024-06-21 21:24:44,755 | INFO | cuda:0 epoch: 2/50 train_loss: 0.2796 valid_loss: 0.3087 train_acc: 0.8843 valid_acc: 0.8789 epoch_time: 615.639 sec
2024-06-21 21:35:04,101 | INFO | cuda:0 epoch: 3/50 train_loss: 0.2513 valid_loss: 0.2360 train_acc: 0.8977 valid_acc: 0.9061 epoch_time: 619.344 sec
2024-06-21 21:45:21,964 | INFO | cuda:0 epoch: 4/50 train_loss: 0.2374 valid_loss: 0.2197 train_acc: 0.9050 valid_acc: 0.9132 epoch_time: 617.862 sec
2024-06-21 21:55:32,773 | INFO | cuda:0 epoch: 5/50 train_loss: 0.2283 valid_loss: 0.2473 train_acc: 0.9090 valid_acc: 0.8982 epoch_time: 610.808 sec
2024-06-21 22:05:46,801 | INFO | cuda:0 epoch: 6/50 train_loss: 0.2237 valid_loss: 0.2271 train_acc: 0.9115 valid_acc: 0.9107 epoch_time: 614.025 sec
2024-06-21 22:15:47,511 | INFO | cuda:0 epoch: 7/50 train_loss: 0.2200 valid_loss: 0.2060 train_acc: 0.9132 valid_acc: 0.9200 epoch_time: 600.708 sec
2024-06-21 22:26:07,875 | INFO | cuda:0 epoch: 8/50 train_loss: 0.2168 valid_loss: 0.2260 train_acc: 0.9150 valid_acc: 0.9126 epoch_time: 620.363 sec
2024-06-21 22:36:20,987 | INFO | cuda:0 epoch: 9/50 train_loss: 0.2152 valid_loss: 0.2379 train_acc: 0.9156 valid_acc: 0.9013 epoch_time: 613.110 sec
2024-06-21 22:46:34,031 | INFO | cuda:0 epoch: 10/50 train_loss: 0.2139 valid_loss: 0.2075 train_acc: 0.9158 valid_acc: 0.9192 epoch_time: 613.041 sec
2024-06-21 22:57:00,025 | INFO | cuda:0 epoch: 11/50 train_loss: 0.1951 valid_loss: 0.1823 train_acc: 0.9242 valid_acc: 0.9305 epoch_time: 625.992 sec
2024-06-21 23:07:14,014 | INFO | cuda:0 epoch: 12/50 train_loss: 0.1920 valid_loss: 0.1762 train_acc: 0.9260 valid_acc: 0.9338 epoch_time: 613.988 sec
2024-06-21 23:18:04,235 | INFO | cuda:0 epoch: 13/50 train_loss: 0.1910 valid_loss: 0.1855 train_acc: 0.9258 valid_acc: 0.9286 epoch_time: 650.220 sec
2024-06-21 23:28:37,653 | INFO | cuda:0 epoch: 14/50 train_loss: 0.1900 valid_loss: 0.2250 train_acc: 0.9260 valid_acc: 0.9096 epoch_time: 633.412 sec
2024-06-21 23:39:04,019 | INFO | cuda:0 epoch: 15/50 train_loss: 0.1880 valid_loss: 0.1955 train_acc: 0.9276 valid_acc: 0.9227 epoch_time: 626.366 sec
2024-06-21 23:50:10,053 | INFO | cuda:0 epoch: 16/50 train_loss: 0.1874 valid_loss: 0.1788 train_acc: 0.9281 valid_acc: 0.9325 epoch_time: 666.033 sec
2024-06-22 00:00:32,158 | INFO | cuda:0 epoch: 17/50 train_loss: 0.1846 valid_loss: 0.2093 train_acc: 0.9292 valid_acc: 0.9196 epoch_time: 622.082 sec
2024-06-22 00:11:01,987 | INFO | cuda:0 epoch: 18/50 train_loss: 0.1849 valid_loss: 0.2257 train_acc: 0.9288 valid_acc: 0.9095 epoch_time: 629.828 sec
2024-06-22 00:21:19,482 | INFO | cuda:0 epoch: 19/50 train_loss: 0.1849 valid_loss: 0.1797 train_acc: 0.9284 valid_acc: 0.9330 epoch_time: 617.495 sec
2024-06-22 00:31:44,730 | INFO | cuda:0 epoch: 20/50 train_loss: 0.1842 valid_loss: 0.2042 train_acc: 0.9288 valid_acc: 0.9197 epoch_time: 625.247 sec
2024-06-22 00:41:55,510 | INFO | cuda:0 epoch: 21/50 train_loss: 0.1718 valid_loss: 0.1852 train_acc: 0.9342 valid_acc: 0.9288 epoch_time: 610.779 sec
2024-06-22 00:52:27,704 | INFO | cuda:0 epoch: 22/50 train_loss: 0.1694 valid_loss: 0.1612 train_acc: 0.9353 valid_acc: 0.9385 epoch_time: 632.193 sec
2024-06-22 01:03:03,960 | INFO | cuda:0 epoch: 23/50 train_loss: 0.1687 valid_loss: 0.1562 train_acc: 0.9355 valid_acc: 0.9429 epoch_time: 636.249 sec
2024-06-22 01:13:20,367 | INFO | cuda:0 epoch: 24/50 train_loss: 0.1673 valid_loss: 0.1713 train_acc: 0.9364 valid_acc: 0.9349 epoch_time: 616.406 sec
2024-06-22 01:23:40,332 | INFO | cuda:0 epoch: 25/50 train_loss: 0.1665 valid_loss: 0.1562 train_acc: 0.9366 valid_acc: 0.9406 epoch_time: 619.964 sec
2024-06-22 01:33:55,405 | INFO | cuda:0 epoch: 26/50 train_loss: 0.1664 valid_loss: 0.1742 train_acc: 0.9366 valid_acc: 0.9319 epoch_time: 615.072 sec
2024-06-22 01:44:08,848 | INFO | cuda:0 epoch: 27/50 train_loss: 0.1658 valid_loss: 0.1569 train_acc: 0.9369 valid_acc: 0.9422 epoch_time: 613.439 sec
2024-06-22 01:54:20,852 | INFO | cuda:0 epoch: 28/50 train_loss: 0.1651 valid_loss: 0.1586 train_acc: 0.9376 valid_acc: 0.9384 epoch_time: 612.002 sec
2024-06-22 02:04:34,766 | INFO | cuda:0 epoch: 29/50 train_loss: 0.1647 valid_loss: 0.1689 train_acc: 0.9375 valid_acc: 0.9363 epoch_time: 613.913 sec
2024-06-22 02:14:46,734 | INFO | cuda:0 epoch: 30/50 train_loss: 0.1648 valid_loss: 0.1774 train_acc: 0.9376 valid_acc: 0.9305 epoch_time: 611.967 sec
2024-06-22 02:25:08,138 | INFO | cuda:0 epoch: 31/50 train_loss: 0.1567 valid_loss: 0.1559 train_acc: 0.9410 valid_acc: 0.9401 epoch_time: 621.404 sec
2024-06-22 02:35:23,073 | INFO | cuda:0 epoch: 32/50 train_loss: 0.1548 valid_loss: 0.1510 train_acc: 0.9417 valid_acc: 0.9441 epoch_time: 614.933 sec
2024-06-22 02:45:42,031 | INFO | cuda:0 epoch: 33/50 train_loss: 0.1533 valid_loss: 0.1497 train_acc: 0.9426 valid_acc: 0.9437 epoch_time: 618.958 sec
2024-06-22 02:55:50,212 | INFO | cuda:0 epoch: 34/50 train_loss: 0.1548 valid_loss: 0.1484 train_acc: 0.9412 valid_acc: 0.9449 epoch_time: 608.179 sec
2024-06-22 03:06:05,948 | INFO | cuda:0 epoch: 35/50 train_loss: 0.1533 valid_loss: 0.1546 train_acc: 0.9425 valid_acc: 0.9433 epoch_time: 615.735 sec
2024-06-22 03:16:14,697 | INFO | cuda:0 epoch: 36/50 train_loss: 0.1529 valid_loss: 0.1467 train_acc: 0.9427 valid_acc: 0.9447 epoch_time: 608.749 sec
2024-06-22 03:26:33,815 | INFO | cuda:0 epoch: 37/50 train_loss: 0.1519 valid_loss: 0.1491 train_acc: 0.9425 valid_acc: 0.9433 epoch_time: 619.117 sec
2024-06-22 03:36:56,181 | INFO | cuda:0 epoch: 38/50 train_loss: 0.1527 valid_loss: 0.1464 train_acc: 0.9422 valid_acc: 0.9449 epoch_time: 622.365 sec
2024-06-22 03:47:11,547 | INFO | cuda:0 epoch: 39/50 train_loss: 0.1520 valid_loss: 0.1462 train_acc: 0.9430 valid_acc: 0.9456 epoch_time: 615.366 sec
2024-06-22 03:57:26,950 | INFO | cuda:0 epoch: 40/50 train_loss: 0.1506 valid_loss: 0.1488 train_acc: 0.9428 valid_acc: 0.9440 epoch_time: 615.402 sec
2024-06-22 04:07:41,217 | INFO | cuda:0 epoch: 41/50 train_loss: 0.1462 valid_loss: 0.1384 train_acc: 0.9451 valid_acc: 0.9493 epoch_time: 614.267 sec
2024-06-22 04:17:54,199 | INFO | cuda:0 epoch: 42/50 train_loss: 0.1459 valid_loss: 0.1414 train_acc: 0.9458 valid_acc: 0.9477 epoch_time: 612.980 sec
2024-06-22 04:28:10,150 | INFO | cuda:0 epoch: 43/50 train_loss: 0.1456 valid_loss: 0.1425 train_acc: 0.9457 valid_acc: 0.9472 epoch_time: 615.950 sec
2024-06-22 04:38:27,076 | INFO | cuda:0 epoch: 44/50 train_loss: 0.1450 valid_loss: 0.1431 train_acc: 0.9457 valid_acc: 0.9448 epoch_time: 616.924 sec
2024-06-22 04:48:44,766 | INFO | cuda:0 epoch: 45/50 train_loss: 0.1445 valid_loss: 0.1422 train_acc: 0.9462 valid_acc: 0.9473 epoch_time: 617.688 sec
2024-06-22 04:58:59,024 | INFO | cuda:0 epoch: 46/50 train_loss: 0.1442 valid_loss: 0.1385 train_acc: 0.9458 valid_acc: 0.9500 epoch_time: 614.249 sec
2024-06-22 05:09:14,878 | INFO | cuda:0 epoch: 47/50 train_loss: 0.1439 valid_loss: 0.1464 train_acc: 0.9458 valid_acc: 0.9464 epoch_time: 615.853 sec
2024-06-22 05:19:30,766 | INFO | cuda:0 epoch: 48/50 train_loss: 0.1434 valid_loss: 0.1387 train_acc: 0.9461 valid_acc: 0.9479 epoch_time: 615.887 sec
2024-06-22 05:29:38,296 | INFO | cuda:0 epoch: 49/50 train_loss: 0.1431 valid_loss: 0.1399 train_acc: 0.9462 valid_acc: 0.9473 epoch_time: 607.529 sec
2024-06-22 05:39:59,813 | INFO | cuda:0 epoch: 50/50 train_loss: 0.1428 valid_loss: 0.1372 train_acc: 0.9462 valid_acc: 0.9486 epoch_time: 621.516 sec
2024-06-22 05:47:32,598 | INFO | 
train_accuracy: 0.950 train_precision: 0.952 train_recall: 0.950 train_f1: 0.950 valid_accuracy: 0.947 valid_precision: 0.949 valid_recall: 0.947 valid_f1: 0.947 total_time: 30975.406 sec
